1710986447388	geckodriver	INFO	Listening on 127.0.0.1:53853
1710986450447	mozrunner::runner	INFO	Running command: "C:\\Users\\VIQG01X\\.cache\\selenium\\firefox\\win64\\124.0\\firefox.exe" "--marionette" "--remote-debuggin ...  "--remote-allow-hosts" "localhost" "-no-remote" "-profile" "C:\\Users\\VIQG01X\\AppData\\Local\\Temp\\rust_mozprofile2NZbGU"
console.warn: services.settings: Ignoring preference override of remote settings server
console.warn: services.settings: Allow by setting MOZ_REMOTE_SETTINGS_DEVTOOLS=1 in the environment
1710986450881	Marionette	INFO	Marionette enabled
Dynamically enable window occlusion 0
1710986451015	Marionette	INFO	Listening on port 53865
WebDriver BiDi listening on ws://127.0.0.1:53854
Read port: 53865
1710986451236	RemoteAgent	WARN	TLS certificate errors will be ignored for this session
DevTools listening on ws://127.0.0.1:53854/devtools/browser/73638f6a-0831-4d70-ad51-2211b0895e01
1710986452632	Marionette	INFO	Stopped listening on port 53865
Dynamically enable window occlusion 1
console.error: "Could not load engine wikipedia@search.mozilla.org: Error: XPIProvider can't start bootstrap scope for wikipedia@search.mozilla.org after shutdown was already granted"
console.error: "Could not load engine bing@search.mozilla.org: Error: XPIProvider can't start bootstrap scope for bing@search.mozilla.org after shutdown was already granted"
console.error: "Could not load engine ddg@search.mozilla.org: Error: XPIProvider can't start bootstrap scope for ddg@search.mozilla.org after shutdown was already granted"
console.error: WebExtensions: 
  Message: [Exception... "#init: abandoning init due to shutting down"  nsresult: "0x80004004 (NS_ERROR_ABORT)"  location: "JS frame :: resource://gre/modules/SearchService.sys.mjs :: #init :: line 1376"  data: no]
  Stack:
    #init@resource://gre/modules/SearchService.sys.mjs:1376:27

JavaScript error: resource://gre/modules/SearchService.sys.mjs, line 1376: NS_ERROR_ABORT: #init: abandoning init due to shutting down
JavaScript error: resource://gre/modules/SearchService.sys.mjs, line 1376: NS_ERROR_ABORT: #init: abandoning init due to shutting down
JavaScript error: resource://gre/modules/SearchService.sys.mjs, line 1376: NS_ERROR_ABORT: #init: abandoning init due to shutting down
JavaScript error: resource://gre/modules/SearchService.sys.mjs, line 1254: Error: SearchService failed while it was initializing.
JavaScript error: resource://activity-stream/lib/TopSitesFeed.sys.mjs, line 134: NS_ERROR_XPC_JAVASCRIPT_ERROR_WITH_DETAILS: [JavaScript Error: "SearchService failed while it was initializing." {file: "resource://gre/modules/SearchService.sys.mjs" line: 1254}]'[JavaScript Error: "SearchService failed while it was initializing." {file: "resource://gre/modules/SearchService.sys.mjs" line: 1254}]' when calling method: [nsISearchService::defaultEngine]
console.error: (new TypeError("NetworkError: Network request failed", "resource://services-settings/Utils.sys.mjs", 236))
console.error: (new TypeError("NetworkError: Network request failed", "resource://services-settings/Utils.sys.mjs", 236))
console.error: (new TypeError("NetworkError: Network request failed", "resource://services-settings/Utils.sys.mjs", 236))
